{"date":"2022-06-25T00:53:25.563","level":"ERROR","category":"default","host":"192.168.1.3","pid":"43023","data":'http-exception.filter.ts(line: 40, column: 10): 
 
    ------------------------------------------------------------------
          Request url: /
          Method: GET
          Status：404
          IP: ::1
          res : {"statusCode":404,"message":"Cannot GET /","error":"Not Found"}
    -------------------------------------------------------------------
  '}
{"date":"2022-06-25T00:53:48.594","level":"ERROR","category":"default","host":"192.168.1.3","pid":"43023","data":'http-exception.filter.ts(line: 40, column: 10): 
 
    ------------------------------------------------------------------
          Request url: /doces
          Method: GET
          Status：404
          IP: ::1
          res : {"statusCode":404,"message":"Cannot GET /doces","error":"Not Found"}
    -------------------------------------------------------------------
  '}
{"date":"2022-06-25T00:53:52.982","level":"ERROR","category":"default","host":"192.168.1.3","pid":"43023","data":'http-exception.filter.ts(line: 40, column: 10): 
 
    ------------------------------------------------------------------
          Request url: /doc
          Method: GET
          Status：404
          IP: ::1
          res : {"statusCode":404,"message":"Cannot GET /doc","error":"Not Found"}
    -------------------------------------------------------------------
  '}
{"date":"2022-06-25T00:59:14.624","level":"ERROR","category":"default","host":"192.168.1.3","pid":"43023","data":'http-exception.filter.ts(line: 40, column: 10): 
 
    ------------------------------------------------------------------
          Request url: /api/auth/login
          Method: POST
          Status：404
          IP: ::ffff:127.0.0.1
          res : {"statusCode":404,"message":"Cannot POST /api/auth/login","error":"Not Found"}
    -------------------------------------------------------------------
  '}
{"date":"2022-06-25T00:59:23.710","level":"ERROR","category":"default","host":"192.168.1.3","pid":"43023","data":'http-exception.filter.ts(line: 40, column: 10): 
 
    ------------------------------------------------------------------
          Request url: /api/auth/login
          Method: POST
          Status：404
          IP: ::ffff:127.0.0.1
          res : {"statusCode":404,"message":"Cannot POST /api/auth/login","error":"Not Found"}
    -------------------------------------------------------------------
  '}
{"date":"2022-06-25T01:03:44.061","level":"ERROR","category":"default","host":"192.168.1.3","pid":"44796","data":'http-exception.filter.ts(line: 40, column: 10): 
 
    ------------------------------------------------------------------
          Request url: /api/auth/login
          Method: POST
          Status：404
          IP: ::ffff:127.0.0.1
          res : {"statusCode":404,"message":"Cannot POST /api/auth/login","error":"Not Found"}
    -------------------------------------------------------------------
  '}
{"date":"2022-06-25T01:03:59.983","level":"ERROR","category":"default","host":"192.168.1.3","pid":"44796","data":'http-exception.filter.ts(line: 40, column: 10): 
 
    ------------------------------------------------------------------
          Request url: /api/auth/login
          Method: POST
          Status：404
          IP: ::ffff:127.0.0.1
          res : {"statusCode":404,"message":"Cannot POST /api/auth/login","error":"Not Found"}
    -------------------------------------------------------------------
  '}
{"date":"2022-06-25T01:04:16.664","level":"ERROR","category":"default","host":"192.168.1.3","pid":"44796","data":'http-exception.filter.ts(line: 40, column: 10): 
 
    ------------------------------------------------------------------
          Request url: /api/auth/login
          Method: POST
          Status：404
          IP: ::ffff:127.0.0.1
          res : {"statusCode":404,"message":"Cannot POST /api/auth/login","error":"Not Found"}
    -------------------------------------------------------------------
  '}
{"date":"2022-06-25T01:05:49.637","level":"ERROR","category":"default","host":"192.168.1.3","pid":"44796","data":'http-exception.filter.ts(line: 40, column: 10): 
 
    ------------------------------------------------------------------
          Request url: /api/auth/login
          Method: POST
          Status：404
          IP: ::ffff:127.0.0.1
          res : {"statusCode":404,"message":"Cannot POST /api/auth/login","error":"Not Found"}
    -------------------------------------------------------------------
  '}
