{"date":"2022-06-23T19:25:19.607","level":"ERROR","category":"default","host":"cpe8c6a8d4ca804-cm8c6a8d4ca802.cpe.net.cable.rogers.com","pid":"87319","data":'http-exception.filter.ts(line: 40, column: 10): 
 
    ------------------------------------------------------------------
          Request url: /
          Method: GET
          Status：404
          IP: ::1
          res : {"statusCode":404,"message":"Cannot GET /","error":"Not Found"}
    -------------------------------------------------------------------
  '}
{"date":"2022-06-23T19:25:38.753","level":"ERROR","category":"default","host":"cpe8c6a8d4ca804-cm8c6a8d4ca802.cpe.net.cable.rogers.com","pid":"87319","data":'http-exception.filter.ts(line: 40, column: 10): 
 
    ------------------------------------------------------------------
          Request url: /dosc
          Method: GET
          Status：404
          IP: ::1
          res : {"statusCode":404,"message":"Cannot GET /dosc","error":"Not Found"}
    -------------------------------------------------------------------
  '}
{"date":"2022-06-23T19:25:39.109","level":"ERROR","category":"default","host":"cpe8c6a8d4ca804-cm8c6a8d4ca802.cpe.net.cable.rogers.com","pid":"87319","data":'http-exception.filter.ts(line: 40, column: 10): 
 
    ------------------------------------------------------------------
          Request url: /favicon.ico
          Method: GET
          Status：404
          IP: ::1
          res : {"statusCode":404,"message":"Cannot GET /favicon.ico","error":"Not Found"}
    -------------------------------------------------------------------
  '}
{"date":"2022-06-23T19:25:49.079","level":"ERROR","category":"default","host":"cpe8c6a8d4ca804-cm8c6a8d4ca802.cpe.net.cable.rogers.com","pid":"87319","data":'http-exception.filter.ts(line: 40, column: 10): 
 
    ------------------------------------------------------------------
          Request url: /doc
          Method: GET
          Status：404
          IP: ::1
          res : {"statusCode":404,"message":"Cannot GET /doc","error":"Not Found"}
    -------------------------------------------------------------------
  '}
