{"date":"2022-07-01T10:32:51.912","level":"ERROR","category":"default","host":"ERAYLEEs-MacBook-Air.local","pid":"19459","data":'http-exception.filter.ts(line: 40, column: 10): 
 
    ------------------------------------------------------------------
          Request url: /system/menu/getTree
          Method: GET
          Status：401
          IP: ::ffff:127.0.0.1
          res : {"statusCode":401,"message":"jwt expired","error":"Unauthorized"}
    -------------------------------------------------------------------
  '}
{"date":"2022-07-01T10:32:51.920","level":"ERROR","category":"default","host":"ERAYLEEs-MacBook-Air.local","pid":"19459","data":'http-exception.filter.ts(line: 40, column: 10): 
 
    ------------------------------------------------------------------
          Request url: /system/menu/getTree
          Method: GET
          Status：401
          IP: ::ffff:127.0.0.1
          res : {"statusCode":401,"message":"jwt expired","error":"Unauthorized"}
    -------------------------------------------------------------------
  '}
{"date":"2022-07-01T10:32:52.260","level":"ERROR","category":"default","host":"ERAYLEEs-MacBook-Air.local","pid":"19459","data":'http-exception.filter.ts(line: 40, column: 10): 
 
    ------------------------------------------------------------------
          Request url: /system/menu/getTree
          Method: GET
          Status：401
          IP: ::ffff:127.0.0.1
          res : {"statusCode":401,"message":"No auth token","error":"Unauthorized"}
    -------------------------------------------------------------------
  '}
{"date":"2022-07-01T10:32:52.266","level":"ERROR","category":"default","host":"ERAYLEEs-MacBook-Air.local","pid":"19459","data":'http-exception.filter.ts(line: 40, column: 10): 
 
    ------------------------------------------------------------------
          Request url: /system/menu/getTree
          Method: GET
          Status：401
          IP: ::ffff:127.0.0.1
          res : {"statusCode":401,"message":"No auth token","error":"Unauthorized"}
    -------------------------------------------------------------------
  '}
{"date":"2022-07-01T16:07:24.033","level":"ERROR","category":"default","host":"cpef0f249a16203-cmf0f249a16200.sdns.net.rogers.com","pid":"19459","data":'http-exception.filter.ts(line: 40, column: 10): 
 
    ------------------------------------------------------------------
          Request url: /system/menu/getTree
          Method: GET
          Status：401
          IP: ::ffff:127.0.0.1
          res : {"statusCode":401,"message":"jwt expired","error":"Unauthorized"}
    -------------------------------------------------------------------
  '}
{"date":"2022-07-01T16:07:24.046","level":"ERROR","category":"default","host":"cpef0f249a16203-cmf0f249a16200.sdns.net.rogers.com","pid":"19459","data":'http-exception.filter.ts(line: 40, column: 10): 
 
    ------------------------------------------------------------------
          Request url: /system/menu/getTree
          Method: GET
          Status：401
          IP: ::ffff:127.0.0.1
          res : {"statusCode":401,"message":"jwt expired","error":"Unauthorized"}
    -------------------------------------------------------------------
  '}
{"date":"2022-07-01T16:07:24.389","level":"ERROR","category":"default","host":"cpef0f249a16203-cmf0f249a16200.sdns.net.rogers.com","pid":"19459","data":'http-exception.filter.ts(line: 40, column: 10): 
 
    ------------------------------------------------------------------
          Request url: /system/menu/getTree
          Method: GET
          Status：401
          IP: ::ffff:127.0.0.1
          res : {"statusCode":401,"message":"No auth token","error":"Unauthorized"}
    -------------------------------------------------------------------
  '}
{"date":"2022-07-01T16:07:24.395","level":"ERROR","category":"default","host":"cpef0f249a16203-cmf0f249a16200.sdns.net.rogers.com","pid":"19459","data":'http-exception.filter.ts(line: 40, column: 10): 
 
    ------------------------------------------------------------------
          Request url: /system/menu/getTree
          Method: GET
          Status：401
          IP: ::ffff:127.0.0.1
          res : {"statusCode":401,"message":"No auth token","error":"Unauthorized"}
    -------------------------------------------------------------------
  '}
{"date":"2022-07-01T17:03:02.965","level":"ERROR","category":"default","host":"cpef0f249a16203-cmf0f249a16200.sdns.net.rogers.com","pid":"33080","data":'http-exception.filter.ts(line: 40, column: 10): 
 
    ------------------------------------------------------------------
          Request url: /system/user/create
          Method: POST
          Status：401
          IP: ::1
          res : {"statusCode":401,"message":"No auth token","error":"Unauthorized"}
    -------------------------------------------------------------------
  '}
{"date":"2022-07-01T17:04:03.704","level":"ERROR","category":"default","host":"cpef0f249a16203-cmf0f249a16200.sdns.net.rogers.com","pid":"35567","data":'http-exception.filter.ts(line: 40, column: 10): 
 
    ------------------------------------------------------------------
          Request url: /system/user/create
          Method: POST
          Status：400
          IP: ::1
          res : {"statusCode":400,"message":["userNo should not be empty"],"error":"Bad Request"}
    -------------------------------------------------------------------
  '}
